#
# A fatal error has been detected by the Java Runtime Environment:
#
#  Internal Error (javaClasses.cpp:129), pid=4930, tid=140166553974528
#  fatal error: Invalid layout of preloaded class
#
# JRE version: 7.0_10-b18
# Java VM: Java HotSpot(TM) 64-Bit Server VM (23.6-b04 mixed mode linux-amd64 compressed oops)
# Failed to write core dump. Core dumps have been disabled. To enable core dumping, try "ulimit -c unlimited" before starting Java again
#
# If you would like to submit a bug report, please visit:
#   http://bugreport.sun.com/bugreport/crash.jsp
#

---------------  T H R E A D  ---------------

Current thread (0x000000000251e800):  JavaThread "Unknown thread" [_thread_in_vm, id=4935, stack(0x00007f7b1198b000,0x00007f7b11a8c000)]

Stack: [0x00007f7b1198b000,0x00007f7b11a8c000],  sp=0x00007f7b11a8a7e0,  free space=1021k
Native frames: (J=compiled Java code, j=interpreted, Vv=VM code, C=native code)
V  [libjvm.so+0x8a531a]  VMError::report_and_die()+0x2ea
V  [libjvm.so+0x40aeb9]  report_fatal(char const*, int, char const*)+0x59
V  [libjvm.so+0x5558f7]  compute_offset(int&, klassOopDesc*, Symbol*, Symbol*, bool)+0x137
V  [libjvm.so+0x556ab9]  java_lang_String::compute_offsets()+0x39
V  [libjvm.so+0x8343d3]  SystemDictionary::initialize_preloaded_classes(Thread*)+0x143
V  [libjvm.so+0x880514]  Universe::genesis(Thread*)+0x474
V  [libjvm.so+0x8809c4]  universe2_init()+0x24
V  [libjvm.so+0x503d0d]  init_globals()+0xbd
V  [libjvm.so+0x866f62]  Threads::create_vm(JavaVMInitArgs*, bool*)+0x1e2
V  [libjvm.so+0x563bc4]  JNI_CreateJavaVM+0x74
C  [libjli.so+0x2f8e]  JavaMain+0x9e


---------------  P R O C E S S  ---------------

Java Threads: ( => current thread )

Other Threads:

=>0x000000000251e800 (exited) JavaThread "Unknown thread" [_thread_in_vm, id=4935, stack(0x00007f7b1198b000,0x00007f7b11a8c000)]

VM state:not at safepoint (not fully initialized)

VM Mutex/Monitor currently owned by a thread: None

GC Heap History (0 events):
No events

Deoptimization events (0 events):
No events

Internal exceptions (0 events):
No events

Events (10 events):
Event: 0.076 loading class 0x000000000253cac0 done
Event: 0.076 loading class 0x000000000253c360 done
Event: 0.076 loading class 0x000000000253c330
Event: 0.076 loading class 0x0000000002567560
Event: 0.076 loading class 0x0000000002567560 done
Event: 0.076 loading class 0x00000000025675a0
Event: 0.076 loading class 0x00000000025675a0 done
Event: 0.076 loading class 0x00000000025675e0
Event: 0.076 loading class 0x00000000025675e0 done
Event: 0.078 loading class 0x000000000253c330 done


Dynamic libraries:
00400000-00401000 r-xp 00000000 08:01 450642                             /usr/lib/jvm/jdk1.7.0/bin/java
00600000-00601000 rw-p 00000000 08:01 450642                             /usr/lib/jvm/jdk1.7.0/bin/java
02512000-0257f000 rw-p 00000000 00:00 0                                  [heap]
c0e00000-c22c0000 rw-p 00000000 00:00 0 
c22c0000-c6000000 rw-p 00000000 00:00 0 
c6000000-c86b0000 rw-p 00000000 00:00 0 
c86b0000-ecab0000 rw-p 00000000 00:00 0 
ecab0000-ede00000 rw-p 00000000 00:00 0 
ede00000-100000000 rw-p 00000000 00:00 0 
7f7b0891b000-7f7b08b48000 rw-p 00000000 00:00 0 
7f7b08b48000-7f7b08c0e000 r--s 0116f000 08:01 3090529                    /home/graham/Software/Android/adt-bundle-linux-x86_64-20130219/sdk/platforms/android-17/android.jar
7f7b08c0e000-7f7b0b3aa000 rw-p 00000000 00:00 0 
7f7b0b3aa000-7f7b0b3ab000 ---p 00000000 00:00 0 
7f7b0b3ab000-7f7b0b4ab000 rw-p 00000000 00:00 0 
7f7b0b4ab000-7f7b0b4ac000 ---p 00000000 00:00 0 
7f7b0b4ac000-7f7b0b5b7000 rw-p 00000000 00:00 0 
7f7b0b5b7000-7f7b0b5d5000 rw-p 00000000 00:00 0 
7f7b0b5d5000-7f7b0b5e9000 rw-p 00000000 00:00 0 
7f7b0b5e9000-7f7b0b70b000 rw-p 00000000 00:00 0 
7f7b0b70b000-7f7b0b716000 rw-p 00000000 00:00 0 
7f7b0b716000-7f7b0b734000 rw-p 00000000 00:00 0 
7f7b0b734000-7f7b0b748000 rw-p 00000000 00:00 0 
7f7b0b748000-7f7b0b869000 rw-p 00000000 00:00 0 
7f7b0b869000-7f7b0b873000 rw-p 00000000 00:00 0 
7f7b0b873000-7f7b0b904000 rw-p 00000000 00:00 0 
7f7b0b904000-7f7b0b905000 rw-p 00000000 00:00 0 
7f7b0b905000-7f7b0bb75000 rwxp 00000000 00:00 0 
7f7b0bb75000-7f7b0e905000 rw-p 00000000 00:00 0 
7f7b0e905000-7f7b0e91f000 r-xp 00000000 08:01 450741                     /usr/lib/jvm/jdk1.7.0/jre/lib/amd64/libzip.so
7f7b0e91f000-7f7b0eb1f000 ---p 0001a000 08:01 450741                     /usr/lib/jvm/jdk1.7.0/jre/lib/amd64/libzip.so
7f7b0eb1f000-7f7b0eb20000 rw-p 0001a000 08:01 450741                     /usr/lib/jvm/jdk1.7.0/jre/lib/amd64/libzip.so
7f7b0eb20000-7f7b0eb2c000 r-xp 00000000 08:01 14811177                   /lib/libnss_files-2.11.3.so
7f7b0eb2c000-7f7b0ed2b000 ---p 0000c000 08:01 14811177                   /lib/libnss_files-2.11.3.so
7f7b0ed2b000-7f7b0ed2c000 r--p 0000b000 08:01 14811177                   /lib/libnss_files-2.11.3.so
7f7b0ed2c000-7f7b0ed2d000 rw-p 0000c000 08:01 14811177                   /lib/libnss_files-2.11.3.so
7f7b0ed2d000-7f7b0ed37000 r-xp 00000000 08:01 14811399                   /lib/libnss_nis-2.11.3.so
7f7b0ed37000-7f7b0ef36000 ---p 0000a000 08:01 14811399                   /lib/libnss_nis-2.11.3.so
7f7b0ef36000-7f7b0ef37000 r--p 00009000 08:01 14811399                   /lib/libnss_nis-2.11.3.so
7f7b0ef37000-7f7b0ef38000 rw-p 0000a000 08:01 14811399                   /lib/libnss_nis-2.11.3.so
7f7b0ef38000-7f7b0ef4d000 r-xp 00000000 08:01 14811386                   /lib/libnsl-2.11.3.so
7f7b0ef4d000-7f7b0f14c000 ---p 00015000 08:01 14811386                   /lib/libnsl-2.11.3.so
7f7b0f14c000-7f7b0f14d000 r--p 00014000 08:01 14811386                   /lib/libnsl-2.11.3.so
7f7b0f14d000-7f7b0f14e000 rw-p 00015000 08:01 14811386                   /lib/libnsl-2.11.3.so
7f7b0f14e000-7f7b0f150000 rw-p 00000000 00:00 0 
7f7b0f150000-7f7b0f157000 r-xp 00000000 08:01 14811380                   /lib/libnss_compat-2.11.3.so
7f7b0f157000-7f7b0f356000 ---p 00007000 08:01 14811380                   /lib/libnss_compat-2.11.3.so
7f7b0f356000-7f7b0f357000 r--p 00006000 08:01 14811380                   /lib/libnss_compat-2.11.3.so
7f7b0f357000-7f7b0f358000 rw-p 00007000 08:01 14811380                   /lib/libnss_compat-2.11.3.so
7f7b0f358000-7f7b0f4cd000 r--p 00000000 08:01 12542096                   /usr/lib/locale/locale-archive
7f7b0f4cd000-7f7b0f4d0000 r-xp 00000000 08:01 450749                     /usr/lib/jvm/jdk1.7.0/jre/lib/amd64/libnpt.so
7f7b0f4d0000-7f7b0f6cf000 ---p 00003000 08:01 450749                     /usr/lib/jvm/jdk1.7.0/jre/lib/amd64/libnpt.so
7f7b0f6cf000-7f7b0f6d0000 rw-p 00002000 08:01 450749                     /usr/lib/jvm/jdk1.7.0/jre/lib/amd64/libnpt.so
7f7b0f6d0000-7f7b0f709000 r-xp 00000000 08:01 450720                     /usr/lib/jvm/jdk1.7.0/jre/lib/amd64/libjdwp.so
7f7b0f709000-7f7b0f908000 ---p 00039000 08:01 450720                     /usr/lib/jvm/jdk1.7.0/jre/lib/amd64/libjdwp.so
7f7b0f908000-7f7b0f90a000 rw-p 00038000 08:01 450720                     /usr/lib/jvm/jdk1.7.0/jre/lib/amd64/libjdwp.so
7f7b0f90a000-7f7b0f933000 r-xp 00000000 08:01 450767                     /usr/lib/jvm/jdk1.7.0/jre/lib/amd64/libjava.so
7f7b0f933000-7f7b0fb33000 ---p 00029000 08:01 450767                     /usr/lib/jvm/jdk1.7.0/jre/lib/amd64/libjava.so
7f7b0fb33000-7f7b0fb35000 rw-p 00029000 08:01 450767                     /usr/lib/jvm/jdk1.7.0/jre/lib/amd64/libjava.so
7f7b0fb35000-7f7b0fb42000 r-xp 00000000 08:01 450726                     /usr/lib/jvm/jdk1.7.0/jre/lib/amd64/libverify.so
7f7b0fb42000-7f7b0fd41000 ---p 0000d000 08:01 450726                     /usr/lib/jvm/jdk1.7.0/jre/lib/amd64/libverify.so
7f7b0fd41000-7f7b0fd43000 rw-p 0000c000 08:01 450726                     /usr/lib/jvm/jdk1.7.0/jre/lib/amd64/libverify.so
7f7b0fd43000-7f7b0fd4a000 r-xp 00000000 08:01 14811377                   /lib/librt-2.11.3.so
7f7b0fd4a000-7f7b0ff49000 ---p 00007000 08:01 14811377                   /lib/librt-2.11.3.so
7f7b0ff49000-7f7b0ff4a000 r--p 00006000 08:01 14811377                   /lib/librt-2.11.3.so
7f7b0ff4a000-7f7b0ff4b000 rw-p 00007000 08:01 14811377                   /lib/librt-2.11.3.so
7f7b0ff4b000-7f7b0ffcb000 r-xp 00000000 08:01 14811398                   /lib/libm-2.11.3.so
7f7b0ffcb000-7f7b101cb000 ---p 00080000 08:01 14811398                   /lib/libm-2.11.3.so
7f7b101cb000-7f7b101cc000 r--p 00080000 08:01 14811398                   /lib/libm-2.11.3.so
7f7b101cc000-7f7b101cd000 rw-p 00081000 08:01 14811398                   /lib/libm-2.11.3.so
7f7b101cd000-7f7b10c14000 r-xp 00000000 08:01 450770                     /usr/lib/jvm/jdk1.7.0/jre/lib/amd64/server/libjvm.so
7f7b10c14000-7f7b10e14000 ---p 00a47000 08:01 450770                     /usr/lib/jvm/jdk1.7.0/jre/lib/amd64/server/libjvm.so
7f7b10e14000-7f7b10eb7000 rw-p 00a47000 08:01 450770                     /usr/lib/jvm/jdk1.7.0/jre/lib/amd64/server/libjvm.so
7f7b10eb7000-7f7b10ef3000 rw-p 00000000 00:00 0 
7f7b10ef3000-7f7b1104c000 r-xp 00000000 08:01 14811381                   /lib/libc-2.11.3.so
7f7b1104c000-7f7b1124b000 ---p 00159000 08:01 14811381                   /lib/libc-2.11.3.so
7f7b1124b000-7f7b1124f000 r--p 00158000 08:01 14811381                   /lib/libc-2.11.3.so
7f7b1124f000-7f7b11250000 rw-p 0015c000 08:01 14811381                   /lib/libc-2.11.3.so
7f7b11250000-7f7b11255000 rw-p 00000000 00:00 0 
7f7b11255000-7f7b11257000 r-xp 00000000 08:01 14811397                   /lib/libdl-2.11.3.so
7f7b11257000-7f7b11457000 ---p 00002000 08:01 14811397                   /lib/libdl-2.11.3.so
7f7b11457000-7f7b11458000 r--p 00002000 08:01 14811397                   /lib/libdl-2.11.3.so
7f7b11458000-7f7b11459000 rw-p 00003000 08:01 14811397                   /lib/libdl-2.11.3.so
7f7b11459000-7f7b1146f000 r-xp 00000000 08:01 450756                     /usr/lib/jvm/jdk1.7.0/jre/lib/amd64/jli/libjli.so
7f7b1146f000-7f7b1166f000 ---p 00016000 08:01 450756                     /usr/lib/jvm/jdk1.7.0/jre/lib/amd64/jli/libjli.so
7f7b1166f000-7f7b11670000 rw-p 00016000 08:01 450756                     /usr/lib/jvm/jdk1.7.0/jre/lib/amd64/jli/libjli.so
7f7b11670000-7f7b11687000 r-xp 00000000 08:01 14811372                   /lib/libpthread-2.11.3.so
7f7b11687000-7f7b11886000 ---p 00017000 08:01 14811372                   /lib/libpthread-2.11.3.so
7f7b11886000-7f7b11887000 r--p 00016000 08:01 14811372                   /lib/libpthread-2.11.3.so
7f7b11887000-7f7b11888000 rw-p 00017000 08:01 14811372                   /lib/libpthread-2.11.3.so
7f7b11888000-7f7b1188c000 rw-p 00000000 00:00 0 
7f7b1188c000-7f7b118aa000 r-xp 00000000 08:01 14811376                   /lib/ld-2.11.3.so
7f7b118cb000-7f7b118d5000 rw-p 00000000 00:00 0 
7f7b118d5000-7f7b1198b000 rw-p 00000000 00:00 0 
7f7b1198b000-7f7b1198e000 ---p 00000000 00:00 0 
7f7b1198e000-7f7b11a90000 rw-p 00000000 00:00 0 
7f7b11a9b000-7f7b11a9d000 rw-p 00000000 00:00 0 
7f7b11a9d000-7f7b11aa5000 rw-s 00000000 08:01 20545543                   /tmp/hsperfdata_graham/4930
7f7b11aa5000-7f7b11aa6000 rw-p 00000000 00:00 0 
7f7b11aa6000-7f7b11aa7000 r--p 00000000 00:00 0 
7f7b11aa7000-7f7b11aa9000 rw-p 00000000 00:00 0 
7f7b11aa9000-7f7b11aaa000 r--p 0001d000 08:01 14811376                   /lib/ld-2.11.3.so
7f7b11aaa000-7f7b11aab000 rw-p 0001e000 08:01 14811376                   /lib/ld-2.11.3.so
7f7b11aab000-7f7b11aac000 rw-p 00000000 00:00 0 
7fff503ed000-7fff50402000 rw-p 00000000 00:00 0                          [stack]
7fff505ab000-7fff505ac000 r-xp 00000000 00:00 0                          [vdso]
ffffffffff600000-ffffffffff601000 r-xp 00000000 00:00 0                  [vsyscall]

VM Arguments:
jvm_args: -agentlib:jdwp=transport=dt_socket,suspend=y,address=localhost:53153 -Dfile.encoding=UTF-8 -Xbootclasspath:/home/graham/Software/Android/adt-bundle-linux-x86_64-20130219/sdk/platforms/android-17/android.jar 
java_command: org.eclipse.jdt.internal.junit.runner.RemoteTestRunner -version 3 -port 51613 -testLoaderClass org.eclipse.jdt.internal.junit4.runner.JUnit4TestLoader -loaderpluginname org.eclipse.jdt.junit4.runtime -classNames graham.ttuner.model.tests.FrequenciesTests
Launcher Type: SUN_STANDARD

Environment Variables:
PATH=/usr/local/bin:/usr/bin:/bin:/usr/local/games:/usr/games:/home/graham/Software/python/epd_free-7.3-2-rh5-x86_64/bin:/home/graham/Documents/bin
USERNAME=graham
SHELL=/bin/bash
DISPLAY=:0.0

Signal Handlers:
SIGSEGV: [libjvm.so+0x8a5c80], sa_mask[0]=0x7ffbfeff, sa_flags=0x10000004
SIGBUS: [libjvm.so+0x8a5c80], sa_mask[0]=0x7ffbfeff, sa_flags=0x10000004
SIGFPE: [libjvm.so+0x741d60], sa_mask[0]=0x7ffbfeff, sa_flags=0x10000004
SIGPIPE: [libjvm.so+0x741d60], sa_mask[0]=0x7ffbfeff, sa_flags=0x10000004
SIGXFSZ: [libjvm.so+0x741d60], sa_mask[0]=0x7ffbfeff, sa_flags=0x10000004
SIGILL: [libjvm.so+0x741d60], sa_mask[0]=0x7ffbfeff, sa_flags=0x10000004
SIGUSR1: SIG_DFL, sa_mask[0]=0x00000000, sa_flags=0x00000000
SIGUSR2: [libjvm.so+0x7416b0], sa_mask[0]=0x00000004, sa_flags=0x10000004
SIGHUP: SIG_DFL, sa_mask[0]=0x00000000, sa_flags=0x00000000
SIGINT: SIG_DFL, sa_mask[0]=0x00000000, sa_flags=0x00000000
SIGTERM: SIG_DFL, sa_mask[0]=0x00000000, sa_flags=0x00000000
SIGQUIT: SIG_DFL, sa_mask[0]=0x00000000, sa_flags=0x00000000


---------------  S Y S T E M  ---------------

OS:6.0.7

uname:Linux 2.6.32-5-amd64 #1 SMP Fri Feb 15 15:39:52 UTC 2013 x86_64
libc:glibc 2.11.3 NPTL 2.11.3 
rlimit: STACK 8192k, CORE 0k, NPROC infinity, NOFILE 1024, AS infinity
load average:0.14 0.53 0.99

/proc/meminfo:
MemTotal:        3798764 kB
MemFree:         1324988 kB
Buffers:           31368 kB
Cached:          1027572 kB
SwapCached:        36564 kB
Active:          1540896 kB
Inactive:         791432 kB
Active(anon):    1045680 kB
Inactive(anon):   234952 kB
Active(file):     495216 kB
Inactive(file):   556480 kB
Unevictable:          16 kB
Mlocked:              16 kB
SwapTotal:       7416824 kB
SwapFree:        7265048 kB
Dirty:               164 kB
Writeback:             0 kB
AnonPages:       1259024 kB
Mapped:            66956 kB
Shmem:              7228 kB
Slab:              82148 kB
SReclaimable:      60156 kB
SUnreclaim:        21992 kB
KernelStack:        2272 kB
PageTables:        21976 kB
NFS_Unstable:          0 kB
Bounce:                0 kB
WritebackTmp:          0 kB
CommitLimit:     9316204 kB
Committed_AS:    2470652 kB
VmallocTotal:   34359738367 kB
VmallocUsed:       47624 kB
VmallocChunk:   34359678756 kB
HardwareCorrupted:     0 kB
HugePages_Total:       0
HugePages_Free:        0
HugePages_Rsvd:        0
HugePages_Surp:        0
Hugepagesize:       2048 kB
DirectMap4k:      140288 kB
DirectMap2M:     3790848 kB
DirectMap1G:           0 kB


CPU:total 2 (2 cores per cpu, 1 threads per core) family 16 model 6 stepping 3, cmov, cx8, fxsr, mmx, sse, sse2, sse3, popcnt, mmxext, 3dnowpref, lzcnt, tsc, tscinvbit, tscinv

/proc/cpuinfo:
processor	: 0
vendor_id	: AuthenticAMD
cpu family	: 16
model		: 6
model name	: AMD Athlon(tm) II P320 Dual-Core Processor
stepping	: 3
cpu MHz		: 2100.000
cache size	: 512 KB
physical id	: 0
siblings	: 2
core id		: 0
cpu cores	: 2
apicid		: 0
initial apicid	: 0
fpu		: yes
fpu_exception	: yes
cpuid level	: 5
wp		: yes
flags		: fpu vme de pse tsc msr pae mce cx8 apic sep mtrr pge mca cmov pat pse36 clflush mmx fxsr sse sse2 ht syscall nx mmxext fxsr_opt pdpe1gb rdtscp lm 3dnowext 3dnow constant_tsc rep_good nonstop_tsc extd_apicid pni monitor cx16 popcnt lahf_lm cmp_legacy svm extapic cr8_legacy abm sse4a 3dnowprefetch osvw ibs skinit wdt nodeid_msr
bogomips	: 4189.71
TLB size	: 1024 4K pages
clflush size	: 64
cache_alignment	: 64
address sizes	: 48 bits physical, 48 bits virtual
power management: ts ttp tm stc 100mhzsteps hwpstate

processor	: 1
vendor_id	: AuthenticAMD
cpu family	: 16
model		: 6
model name	: AMD Athlon(tm) II P320 Dual-Core Processor
stepping	: 3
cpu MHz		: 2100.000
cache size	: 512 KB
physical id	: 0
siblings	: 2
core id		: 1
cpu cores	: 2
apicid		: 1
initial apicid	: 1
fpu		: yes
fpu_exception	: yes
cpuid level	: 5
wp		: yes
flags		: fpu vme de pse tsc msr pae mce cx8 apic sep mtrr pge mca cmov pat pse36 clflush mmx fxsr sse sse2 ht syscall nx mmxext fxsr_opt pdpe1gb rdtscp lm 3dnowext 3dnow constant_tsc rep_good nonstop_tsc extd_apicid pni monitor cx16 popcnt lahf_lm cmp_legacy svm extapic cr8_legacy abm sse4a 3dnowprefetch osvw ibs skinit wdt nodeid_msr
bogomips	: 4189.76
TLB size	: 1024 4K pages
clflush size	: 64
cache_alignment	: 64
address sizes	: 48 bits physical, 48 bits virtual
power management: ts ttp tm stc 100mhzsteps hwpstate



Memory: 4k page, physical 3798764k(1324988k free), swap 7416824k(7265048k free)

vm_info: Java HotSpot(TM) 64-Bit Server VM (23.6-b04) for linux-amd64 JRE (1.7.0_10-b18), built on Nov 28 2012 03:39:52 by "java_re" with gcc 4.3.0 20080428 (Red Hat 4.3.0-8)

time: Tue Jun  4 19:24:24 2013
elapsed time: 0 seconds

